<?xml version="1.0" encoding="UTF-8"?>
<testsuite name="com.spring.example.myfirstdemo.MyuserControllerTest" tests="3" skipped="0" failures="0" errors="0" timestamp="2021-11-29T10:57:04" hostname="MacBook-Pro.local" time="0.08">
  <properties/>
  <testcase name="getTeamDetails()" classname="com.spring.example.myfirstdemo.MyuserControllerTest" time="0.071"/>
  <testcase name="getNames()" classname="com.spring.example.myfirstdemo.MyuserControllerTest" time="0.006"/>
  <testcase name="getGreetings()" classname="com.spring.example.myfirstdemo.MyuserControllerTest" time="0.003"/>
  <system-out><![CDATA[2021-11-29 16:27:03.783  INFO 3869 --- [    Test worker] .b.t.c.SpringBootTestContextBootstrapper : Neither @ContextConfiguration nor @ContextHierarchy found for test class [com.spring.example.myfirstdemo.MyuserControllerTest], using SpringBootContextLoader
2021-11-29 16:27:03.784  INFO 3869 --- [    Test worker] o.s.t.c.support.AbstractContextLoader    : Could not detect default resource locations for test class [com.spring.example.myfirstdemo.MyuserControllerTest]: no resource found for suffixes {-context.xml, Context.groovy}.
2021-11-29 16:27:03.785  INFO 3869 --- [    Test worker] t.c.s.AnnotationConfigContextLoaderUtils : Could not detect default configuration classes for test class [com.spring.example.myfirstdemo.MyuserControllerTest]: MyuserControllerTest does not declare any static, non-private, non-final, nested classes annotated with @Configuration.
2021-11-29 16:27:03.788  INFO 3869 --- [    Test worker] .b.t.c.SpringBootTestContextBootstrapper : Found @SpringBootConfiguration com.spring.example.myfirstdemo.MyfirstdemoApplication for test class com.spring.example.myfirstdemo.MyuserControllerTest
2021-11-29 16:27:03.789  INFO 3869 --- [    Test worker] .b.t.c.SpringBootTestContextBootstrapper : Loaded default TestExecutionListener class names from location [META-INF/spring.factories]: [org.springframework.boot.test.autoconfigure.restdocs.RestDocsTestExecutionListener, org.springframework.boot.test.autoconfigure.web.client.MockRestServiceServerResetTestExecutionListener, org.springframework.boot.test.autoconfigure.web.servlet.MockMvcPrintOnlyOnFailureTestExecutionListener, org.springframework.boot.test.autoconfigure.web.servlet.WebDriverTestExecutionListener, org.springframework.boot.test.autoconfigure.webservices.client.MockWebServiceServerTestExecutionListener, org.springframework.boot.test.mock.mockito.MockitoTestExecutionListener, org.springframework.boot.test.mock.mockito.ResetMocksTestExecutionListener, org.springframework.test.context.web.ServletTestExecutionListener, org.springframework.test.context.support.DirtiesContextBeforeModesTestExecutionListener, org.springframework.test.context.support.DependencyInjectionTestExecutionListener, org.springframework.test.context.support.DirtiesContextTestExecutionListener, org.springframework.test.context.transaction.TransactionalTestExecutionListener, org.springframework.test.context.jdbc.SqlScriptsTestExecutionListener, org.springframework.test.context.event.EventPublishingTestExecutionListener]
2021-11-29 16:27:03.790  INFO 3869 --- [    Test worker] .b.t.c.SpringBootTestContextBootstrapper : Using TestExecutionListeners: [org.springframework.test.context.web.ServletTestExecutionListener@425ea77a, org.springframework.test.context.support.DirtiesContextBeforeModesTestExecutionListener@26a640a9, org.springframework.boot.test.mock.mockito.MockitoTestExecutionListener@243b8e, org.springframework.boot.test.autoconfigure.SpringBootDependencyInjectionTestExecutionListener@22f525e5, org.springframework.test.context.support.DirtiesContextTestExecutionListener@152733b6, org.springframework.test.context.event.EventPublishingTestExecutionListener@1108ab3, org.springframework.boot.test.autoconfigure.restdocs.RestDocsTestExecutionListener@20c93954, org.springframework.boot.test.autoconfigure.web.client.MockRestServiceServerResetTestExecutionListener@2b98eaa5, org.springframework.boot.test.autoconfigure.web.servlet.MockMvcPrintOnlyOnFailureTestExecutionListener@78ec6e3, org.springframework.boot.test.autoconfigure.web.servlet.WebDriverTestExecutionListener@24e91b3, org.springframework.boot.test.autoconfigure.webservices.client.MockWebServiceServerTestExecutionListener@6b241b37, org.springframework.boot.test.mock.mockito.ResetMocksTestExecutionListener@7850934]

  .   ____          _            __ _ _
 /\\ / ___'_ __ _ _(_)_ __  __ _ \ \ \ \
( ( )\___ | '_ | '_| | '_ \/ _` | \ \ \ \
 \\/  ___)| |_)| | | | | || (_| |  ) ) ) )
  '  |____| .__|_| |_|_| |_\__, | / / / /
 =========|_|==============|___/=/_/_/_/
 :: Spring Boot ::        (v2.3.1.RELEASE)

2021-11-29 16:27:03.803  INFO 3869 --- [    Test worker] c.s.e.myfirstdemo.MyuserControllerTest   : Starting MyuserControllerTest on MacBook-Pro.local with PID 3869 (started by venkataponnapalli in /Users/venkataponnapalli/Downloads/simplilearn-projects-repo)
2021-11-29 16:27:03.803  INFO 3869 --- [    Test worker] c.s.e.myfirstdemo.MyuserControllerTest   : No active profile set, falling back to default profiles: default
2021-11-29 16:27:04.023  INFO 3869 --- [    Test worker] o.s.s.concurrent.ThreadPoolTaskExecutor  : Initializing ExecutorService 'applicationTaskExecutor'
2021-11-29 16:27:04.105  INFO 3869 --- [    Test worker] o.s.b.t.m.w.SpringBootMockServletContext : Initializing Spring TestDispatcherServlet ''
2021-11-29 16:27:04.106  INFO 3869 --- [    Test worker] o.s.t.web.servlet.TestDispatcherServlet  : Initializing Servlet ''
2021-11-29 16:27:04.112  INFO 3869 --- [    Test worker] o.s.t.web.servlet.TestDispatcherServlet  : Completed initialization in 6 ms
2021-11-29 16:27:04.116  INFO 3869 --- [    Test worker] c.s.e.myfirstdemo.MyuserControllerTest   : Started MyuserControllerTest in 0.325 seconds (JVM running for 2.236)
]]></system-out>
  <system-err><![CDATA[]]></system-err>
</testsuite>
