<?xml version="1.0" encoding="UTF-8"?>
<testsuite name="com.spring.example.myfirstdemo.MyfirstdemoApplicationTests" tests="1" skipped="0" failures="0" errors="0" timestamp="2021-11-29T09:25:45" hostname="MacBook-Pro.local" time="0.306">
  <properties/>
  <testcase name="contextLoads()" classname="com.spring.example.myfirstdemo.MyfirstdemoApplicationTests" time="0.306"/>
  <system-out><![CDATA[14:55:43.588 [Test worker] DEBUG org.springframework.test.context.BootstrapUtils - Instantiating CacheAwareContextLoaderDelegate from class [org.springframework.test.context.cache.DefaultCacheAwareContextLoaderDelegate]
14:55:43.597 [Test worker] DEBUG org.springframework.test.context.BootstrapUtils - Instantiating BootstrapContext using constructor [public org.springframework.test.context.support.DefaultBootstrapContext(java.lang.Class,org.springframework.test.context.CacheAwareContextLoaderDelegate)]
14:55:43.616 [Test worker] DEBUG org.springframework.test.context.BootstrapUtils - Instantiating TestContextBootstrapper for test class [com.spring.example.myfirstdemo.MyfirstdemoApplicationTests] from class [org.springframework.boot.test.context.SpringBootTestContextBootstrapper]
14:55:43.625 [Test worker] INFO org.springframework.boot.test.context.SpringBootTestContextBootstrapper - Neither @ContextConfiguration nor @ContextHierarchy found for test class [com.spring.example.myfirstdemo.MyfirstdemoApplicationTests], using SpringBootContextLoader
14:55:43.627 [Test worker] DEBUG org.springframework.test.context.support.AbstractContextLoader - Did not detect default resource location for test class [com.spring.example.myfirstdemo.MyfirstdemoApplicationTests]: class path resource [com/spring/example/myfirstdemo/MyfirstdemoApplicationTests-context.xml] does not exist
14:55:43.627 [Test worker] DEBUG org.springframework.test.context.support.AbstractContextLoader - Did not detect default resource location for test class [com.spring.example.myfirstdemo.MyfirstdemoApplicationTests]: class path resource [com/spring/example/myfirstdemo/MyfirstdemoApplicationTestsContext.groovy] does not exist
14:55:43.628 [Test worker] INFO org.springframework.test.context.support.AbstractContextLoader - Could not detect default resource locations for test class [com.spring.example.myfirstdemo.MyfirstdemoApplicationTests]: no resource found for suffixes {-context.xml, Context.groovy}.
14:55:43.628 [Test worker] INFO org.springframework.test.context.support.AnnotationConfigContextLoaderUtils - Could not detect default configuration classes for test class [com.spring.example.myfirstdemo.MyfirstdemoApplicationTests]: MyfirstdemoApplicationTests does not declare any static, non-private, non-final, nested classes annotated with @Configuration.
14:55:43.657 [Test worker] DEBUG org.springframework.test.context.support.ActiveProfilesUtils - Could not find an 'annotation declaring class' for annotation type [org.springframework.test.context.ActiveProfiles] and class [com.spring.example.myfirstdemo.MyfirstdemoApplicationTests]
14:55:43.700 [Test worker] DEBUG org.springframework.context.annotation.ClassPathScanningCandidateComponentProvider - Identified candidate component class: file [/Users/venkataponnapalli/Downloads/simplilearn-projects-repo/build/classes/java/main/com/spring/example/myfirstdemo/MyfirstdemoApplication.class]
14:55:43.701 [Test worker] INFO org.springframework.boot.test.context.SpringBootTestContextBootstrapper - Found @SpringBootConfiguration com.spring.example.myfirstdemo.MyfirstdemoApplication for test class com.spring.example.myfirstdemo.MyfirstdemoApplicationTests
14:55:43.760 [Test worker] DEBUG org.springframework.boot.test.context.SpringBootTestContextBootstrapper - @TestExecutionListeners is not present for class [com.spring.example.myfirstdemo.MyfirstdemoApplicationTests]: using defaults.
14:55:43.761 [Test worker] INFO org.springframework.boot.test.context.SpringBootTestContextBootstrapper - Loaded default TestExecutionListener class names from location [META-INF/spring.factories]: [org.springframework.boot.test.autoconfigure.restdocs.RestDocsTestExecutionListener, org.springframework.boot.test.autoconfigure.web.client.MockRestServiceServerResetTestExecutionListener, org.springframework.boot.test.autoconfigure.web.servlet.MockMvcPrintOnlyOnFailureTestExecutionListener, org.springframework.boot.test.autoconfigure.web.servlet.WebDriverTestExecutionListener, org.springframework.boot.test.autoconfigure.webservices.client.MockWebServiceServerTestExecutionListener, org.springframework.boot.test.mock.mockito.MockitoTestExecutionListener, org.springframework.boot.test.mock.mockito.ResetMocksTestExecutionListener, org.springframework.test.context.web.ServletTestExecutionListener, org.springframework.test.context.support.DirtiesContextBeforeModesTestExecutionListener, org.springframework.test.context.support.DependencyInjectionTestExecutionListener, org.springframework.test.context.support.DirtiesContextTestExecutionListener, org.springframework.test.context.transaction.TransactionalTestExecutionListener, org.springframework.test.context.jdbc.SqlScriptsTestExecutionListener, org.springframework.test.context.event.EventPublishingTestExecutionListener]
14:55:43.768 [Test worker] DEBUG org.springframework.boot.test.context.SpringBootTestContextBootstrapper - Skipping candidate TestExecutionListener [org.springframework.test.context.transaction.TransactionalTestExecutionListener] due to a missing dependency. Specify custom listener classes or make the default listener classes and their required dependencies available. Offending class: [org/springframework/transaction/interceptor/TransactionAttributeSource]
14:55:43.768 [Test worker] DEBUG org.springframework.boot.test.context.SpringBootTestContextBootstrapper - Skipping candidate TestExecutionListener [org.springframework.test.context.jdbc.SqlScriptsTestExecutionListener] due to a missing dependency. Specify custom listener classes or make the default listener classes and their required dependencies available. Offending class: [org/springframework/transaction/interceptor/TransactionAttribute]
14:55:43.769 [Test worker] INFO org.springframework.boot.test.context.SpringBootTestContextBootstrapper - Using TestExecutionListeners: [org.springframework.test.context.web.ServletTestExecutionListener@744293b3, org.springframework.test.context.support.DirtiesContextBeforeModesTestExecutionListener@31bca782, org.springframework.boot.test.mock.mockito.MockitoTestExecutionListener@53d07642, org.springframework.boot.test.autoconfigure.SpringBootDependencyInjectionTestExecutionListener@28cf6e3d, org.springframework.test.context.support.DirtiesContextTestExecutionListener@4870af9c, org.springframework.test.context.event.EventPublishingTestExecutionListener@1ca481a7, org.springframework.boot.test.autoconfigure.restdocs.RestDocsTestExecutionListener@4c169617, org.springframework.boot.test.autoconfigure.web.client.MockRestServiceServerResetTestExecutionListener@1f7ba72e, org.springframework.boot.test.autoconfigure.web.servlet.MockMvcPrintOnlyOnFailureTestExecutionListener@523af712, org.springframework.boot.test.autoconfigure.web.servlet.WebDriverTestExecutionListener@6a2bfd4b, org.springframework.boot.test.autoconfigure.webservices.client.MockWebServiceServerTestExecutionListener@12757837, org.springframework.boot.test.mock.mockito.ResetMocksTestExecutionListener@5075ff80]
14:55:43.771 [Test worker] DEBUG org.springframework.test.context.support.AbstractDirtiesContextTestExecutionListener - Before test class: context [DefaultTestContext@6a07699b testClass = MyfirstdemoApplicationTests, testInstance = [null], testMethod = [null], testException = [null], mergedContextConfiguration = [WebMergedContextConfiguration@4ef974bb testClass = MyfirstdemoApplicationTests, locations = '{}', classes = '{class com.spring.example.myfirstdemo.MyfirstdemoApplication}', contextInitializerClasses = '[]', activeProfiles = '{}', propertySourceLocations = '{}', propertySourceProperties = '{org.springframework.boot.test.context.SpringBootTestContextBootstrapper=true}', contextCustomizers = set[org.springframework.boot.test.autoconfigure.properties.PropertyMappingContextCustomizer@0, org.springframework.boot.test.autoconfigure.web.servlet.WebDriverContextCustomizerFactory$Customizer@570ddecf, org.springframework.boot.test.context.filter.ExcludeFilterContextCustomizer@51d6e22, org.springframework.boot.test.json.DuplicateJsonObjectContextCustomizerFactory$DuplicateJsonObjectContextCustomizer@4deb2666, org.springframework.boot.test.mock.mockito.MockitoContextCustomizer@0, org.springframework.boot.test.web.client.TestRestTemplateContextCustomizer@322aa945, org.springframework.boot.test.context.SpringBootTestArgs@1], resourceBasePath = 'src/main/webapp', contextLoader = 'org.springframework.boot.test.context.SpringBootContextLoader', parent = [null]], attributes = map['org.springframework.test.context.web.ServletTestExecutionListener.activateListener' -> true]], class annotated with @DirtiesContext [false] with mode [null].
14:55:43.793 [Test worker] DEBUG org.springframework.test.context.support.TestPropertySourceUtils - Adding inlined properties to environment: {spring.jmx.enabled=false, org.springframework.boot.test.context.SpringBootTestContextBootstrapper=true}

  .   ____          _            __ _ _
 /\\ / ___'_ __ _ _(_)_ __  __ _ \ \ \ \
( ( )\___ | '_ | '_| | '_ \/ _` | \ \ \ \
 \\/  ___)| |_)| | | | | || (_| |  ) ) ) )
  '  |____| .__|_| |_|_| |_\__, | / / / /
 =========|_|==============|___/=/_/_/_/
 :: Spring Boot ::        (v2.3.1.RELEASE)

2021-11-29 14:55:44.171  INFO 3114 --- [    Test worker] c.s.e.m.MyfirstdemoApplicationTests      : Starting MyfirstdemoApplicationTests on MacBook-Pro.local with PID 3114 (started by venkataponnapalli in /Users/venkataponnapalli/Downloads/simplilearn-projects-repo)
2021-11-29 14:55:44.172  INFO 3114 --- [    Test worker] c.s.e.m.MyfirstdemoApplicationTests      : No active profile set, falling back to default profiles: default
2021-11-29 14:55:44.841  INFO 3114 --- [    Test worker] o.s.s.concurrent.ThreadPoolTaskExecutor  : Initializing ExecutorService 'applicationTaskExecutor'
2021-11-29 14:55:45.004  INFO 3114 --- [    Test worker] c.s.e.m.MyfirstdemoApplicationTests      : Started MyfirstdemoApplicationTests in 1.204 seconds (JVM running for 1.912)
]]></system-out>
  <system-err><![CDATA[]]></system-err>
</testsuite>
