<?xml version="1.0" encoding="UTF-8"?>
<testsuite name="com.spring.example.myfirstdemo.MyfirstdemoApplicationTests" tests="1" skipped="0" failures="0" errors="0" timestamp="2021-11-30T08:27:05" hostname="MacBook-Pro.local" time="0.23">
  <properties/>
  <testcase name="contextLoads()" classname="com.spring.example.myfirstdemo.MyfirstdemoApplicationTests" time="0.23"/>
  <system-out><![CDATA[13:57:04.086 [Test worker] DEBUG org.springframework.test.context.BootstrapUtils - Instantiating CacheAwareContextLoaderDelegate from class [org.springframework.test.context.cache.DefaultCacheAwareContextLoaderDelegate]
13:57:04.096 [Test worker] DEBUG org.springframework.test.context.BootstrapUtils - Instantiating BootstrapContext using constructor [public org.springframework.test.context.support.DefaultBootstrapContext(java.lang.Class,org.springframework.test.context.CacheAwareContextLoaderDelegate)]
13:57:04.115 [Test worker] DEBUG org.springframework.test.context.BootstrapUtils - Instantiating TestContextBootstrapper for test class [com.spring.example.myfirstdemo.MyfirstdemoApplicationTests] from class [org.springframework.boot.test.context.SpringBootTestContextBootstrapper]
13:57:04.124 [Test worker] INFO org.springframework.boot.test.context.SpringBootTestContextBootstrapper - Neither @ContextConfiguration nor @ContextHierarchy found for test class [com.spring.example.myfirstdemo.MyfirstdemoApplicationTests], using SpringBootContextLoader
13:57:04.127 [Test worker] DEBUG org.springframework.test.context.support.AbstractContextLoader - Did not detect default resource location for test class [com.spring.example.myfirstdemo.MyfirstdemoApplicationTests]: class path resource [com/spring/example/myfirstdemo/MyfirstdemoApplicationTests-context.xml] does not exist
13:57:04.127 [Test worker] DEBUG org.springframework.test.context.support.AbstractContextLoader - Did not detect default resource location for test class [com.spring.example.myfirstdemo.MyfirstdemoApplicationTests]: class path resource [com/spring/example/myfirstdemo/MyfirstdemoApplicationTestsContext.groovy] does not exist
13:57:04.127 [Test worker] INFO org.springframework.test.context.support.AbstractContextLoader - Could not detect default resource locations for test class [com.spring.example.myfirstdemo.MyfirstdemoApplicationTests]: no resource found for suffixes {-context.xml, Context.groovy}.
13:57:04.128 [Test worker] INFO org.springframework.test.context.support.AnnotationConfigContextLoaderUtils - Could not detect default configuration classes for test class [com.spring.example.myfirstdemo.MyfirstdemoApplicationTests]: MyfirstdemoApplicationTests does not declare any static, non-private, non-final, nested classes annotated with @Configuration.
13:57:04.157 [Test worker] DEBUG org.springframework.test.context.support.ActiveProfilesUtils - Could not find an 'annotation declaring class' for annotation type [org.springframework.test.context.ActiveProfiles] and class [com.spring.example.myfirstdemo.MyfirstdemoApplicationTests]
13:57:04.201 [Test worker] DEBUG org.springframework.context.annotation.ClassPathScanningCandidateComponentProvider - Identified candidate component class: file [/Users/Shared/git/pgdo-devops-capstone-project/build/classes/java/main/com/spring/example/myfirstdemo/MyfirstdemoApplication.class]
13:57:04.202 [Test worker] INFO org.springframework.boot.test.context.SpringBootTestContextBootstrapper - Found @SpringBootConfiguration com.spring.example.myfirstdemo.MyfirstdemoApplication for test class com.spring.example.myfirstdemo.MyfirstdemoApplicationTests
13:57:04.266 [Test worker] DEBUG org.springframework.boot.test.context.SpringBootTestContextBootstrapper - @TestExecutionListeners is not present for class [com.spring.example.myfirstdemo.MyfirstdemoApplicationTests]: using defaults.
13:57:04.267 [Test worker] INFO org.springframework.boot.test.context.SpringBootTestContextBootstrapper - Loaded default TestExecutionListener class names from location [META-INF/spring.factories]: [org.springframework.boot.test.autoconfigure.restdocs.RestDocsTestExecutionListener, org.springframework.boot.test.autoconfigure.web.client.MockRestServiceServerResetTestExecutionListener, org.springframework.boot.test.autoconfigure.web.servlet.MockMvcPrintOnlyOnFailureTestExecutionListener, org.springframework.boot.test.autoconfigure.web.servlet.WebDriverTestExecutionListener, org.springframework.boot.test.autoconfigure.webservices.client.MockWebServiceServerTestExecutionListener, org.springframework.boot.test.mock.mockito.MockitoTestExecutionListener, org.springframework.boot.test.mock.mockito.ResetMocksTestExecutionListener, org.springframework.test.context.web.ServletTestExecutionListener, org.springframework.test.context.support.DirtiesContextBeforeModesTestExecutionListener, org.springframework.test.context.support.DependencyInjectionTestExecutionListener, org.springframework.test.context.support.DirtiesContextTestExecutionListener, org.springframework.test.context.transaction.TransactionalTestExecutionListener, org.springframework.test.context.jdbc.SqlScriptsTestExecutionListener, org.springframework.test.context.event.EventPublishingTestExecutionListener]
13:57:04.274 [Test worker] DEBUG org.springframework.boot.test.context.SpringBootTestContextBootstrapper - Skipping candidate TestExecutionListener [org.springframework.test.context.transaction.TransactionalTestExecutionListener] due to a missing dependency. Specify custom listener classes or make the default listener classes and their required dependencies available. Offending class: [org/springframework/transaction/interceptor/TransactionAttributeSource]
13:57:04.275 [Test worker] DEBUG org.springframework.boot.test.context.SpringBootTestContextBootstrapper - Skipping candidate TestExecutionListener [org.springframework.test.context.jdbc.SqlScriptsTestExecutionListener] due to a missing dependency. Specify custom listener classes or make the default listener classes and their required dependencies available. Offending class: [org/springframework/transaction/interceptor/TransactionAttribute]
13:57:04.275 [Test worker] INFO org.springframework.boot.test.context.SpringBootTestContextBootstrapper - Using TestExecutionListeners: [org.springframework.test.context.web.ServletTestExecutionListener@70b6190c, org.springframework.test.context.support.DirtiesContextBeforeModesTestExecutionListener@3ad8fdbc, org.springframework.boot.test.mock.mockito.MockitoTestExecutionListener@17f5910c, org.springframework.boot.test.autoconfigure.SpringBootDependencyInjectionTestExecutionListener@47bc93e6, org.springframework.test.context.support.DirtiesContextTestExecutionListener@7828c64, org.springframework.test.context.event.EventPublishingTestExecutionListener@7a4ab435, org.springframework.boot.test.autoconfigure.restdocs.RestDocsTestExecutionListener@410c3781, org.springframework.boot.test.autoconfigure.web.client.MockRestServiceServerResetTestExecutionListener@620cbfe5, org.springframework.boot.test.autoconfigure.web.servlet.MockMvcPrintOnlyOnFailureTestExecutionListener@717efe6c, org.springframework.boot.test.autoconfigure.web.servlet.WebDriverTestExecutionListener@5eba176a, org.springframework.boot.test.autoconfigure.webservices.client.MockWebServiceServerTestExecutionListener@7e2a8303, org.springframework.boot.test.mock.mockito.ResetMocksTestExecutionListener@79def8b4]
13:57:04.278 [Test worker] DEBUG org.springframework.test.context.support.AbstractDirtiesContextTestExecutionListener - Before test class: context [DefaultTestContext@697542fe testClass = MyfirstdemoApplicationTests, testInstance = [null], testMethod = [null], testException = [null], mergedContextConfiguration = [WebMergedContextConfiguration@6fbe4e80 testClass = MyfirstdemoApplicationTests, locations = '{}', classes = '{class com.spring.example.myfirstdemo.MyfirstdemoApplication}', contextInitializerClasses = '[]', activeProfiles = '{}', propertySourceLocations = '{}', propertySourceProperties = '{org.springframework.boot.test.context.SpringBootTestContextBootstrapper=true}', contextCustomizers = set[org.springframework.boot.test.autoconfigure.properties.PropertyMappingContextCustomizer@0, org.springframework.boot.test.autoconfigure.web.servlet.WebDriverContextCustomizerFactory$Customizer@7fea252c, org.springframework.boot.test.context.filter.ExcludeFilterContextCustomizer@1c217a66, org.springframework.boot.test.json.DuplicateJsonObjectContextCustomizerFactory$DuplicateJsonObjectContextCustomizer@65589a1f, org.springframework.boot.test.mock.mockito.MockitoContextCustomizer@0, org.springframework.boot.test.web.client.TestRestTemplateContextCustomizer@e9a016c, org.springframework.boot.test.context.SpringBootTestArgs@1], resourceBasePath = 'src/main/webapp', contextLoader = 'org.springframework.boot.test.context.SpringBootContextLoader', parent = [null]], attributes = map['org.springframework.test.context.web.ServletTestExecutionListener.activateListener' -> true]], class annotated with @DirtiesContext [false] with mode [null].
13:57:04.301 [Test worker] DEBUG org.springframework.test.context.support.TestPropertySourceUtils - Adding inlined properties to environment: {spring.jmx.enabled=false, org.springframework.boot.test.context.SpringBootTestContextBootstrapper=true}

  .   ____          _            __ _ _
 /\\ / ___'_ __ _ _(_)_ __  __ _ \ \ \ \
( ( )\___ | '_ | '_| | '_ \/ _` | \ \ \ \
 \\/  ___)| |_)| | | | | || (_| |  ) ) ) )
  '  |____| .__|_| |_|_| |_\__, | / / / /
 =========|_|==============|___/=/_/_/_/
 :: Spring Boot ::        (v2.3.1.RELEASE)

2021-11-30 13:57:04.466  INFO 2214 --- [    Test worker] c.s.e.m.MyfirstdemoApplicationTests      : Starting MyfirstdemoApplicationTests on MacBook-Pro.local with PID 2214 (started by venkataponnapalli in /Users/Shared/git/pgdo-devops-capstone-project)
2021-11-30 13:57:04.466  INFO 2214 --- [    Test worker] c.s.e.m.MyfirstdemoApplicationTests      : No active profile set, falling back to default profiles: default
2021-11-30 13:57:05.127  INFO 2214 --- [    Test worker] o.s.s.concurrent.ThreadPoolTaskExecutor  : Initializing ExecutorService 'applicationTaskExecutor'
2021-11-30 13:57:05.274  INFO 2214 --- [    Test worker] c.s.e.m.MyfirstdemoApplicationTests      : Started MyfirstdemoApplicationTests in 0.967 seconds (JVM running for 1.706)
]]></system-out>
  <system-err><![CDATA[]]></system-err>
</testsuite>
